<!DOCTYPE html>
<html>
  <head>
    <meta charset="utf-8"/>
    <title>REPORT</title>
    <style>body {
  font-family: Helvetica, Arial, sans-serif;
  font-size: 12px;
  /* do not increase min-width as some may use split screens */
  min-width: 800px;
  color: #999;
}

h1 {
  font-size: 24px;
  color: black;
}

h2 {
  font-size: 16px;
  color: black;
}

p {
  color: black;
}

a {
  color: #999;
}

table {
  border-collapse: collapse;
}

/******************************
 * SUMMARY INFORMATION
 ******************************/
#environment td {
  padding: 5px;
  border: 1px solid #E6E6E6;
}
#environment tr:nth-child(odd) {
  background-color: #f6f6f6;
}

/******************************
 * TEST RESULT COLORS
 ******************************/
span.passed,
.passed .col-result {
  color: green;
}

span.skipped,
span.xfailed,
span.rerun,
.skipped .col-result,
.xfailed .col-result,
.rerun .col-result {
  color: orange;
}

span.error,
span.failed,
span.xpassed,
.error .col-result,
.failed .col-result,
.xpassed .col-result {
  color: red;
}

/******************************
 * RESULTS TABLE
 *
 * 1. Table Layout
 * 2. Extra
 * 3. Sorting items
 *
 ******************************/
/*------------------
 * 1. Table Layout
 *------------------*/
#results-table {
  border: 1px solid #e6e6e6;
  color: #999;
  font-size: 12px;
  width: 100%;
}
#results-table th,
#results-table td {
  padding: 5px;
  border: 1px solid #E6E6E6;
  text-align: left;
}
#results-table th {
  font-weight: bold;
}

/*------------------
 * 2. Extra
 *------------------*/
.log {
  background-color: #e6e6e6;
  border: 1px solid #e6e6e6;
  color: black;
  display: block;
  font-family: "Courier New", Courier, monospace;
  height: 230px;
  overflow-y: scroll;
  padding: 5px;
  white-space: pre-wrap;
}
.log:only-child {
  height: inherit;
}

div.image {
  border: 1px solid #e6e6e6;
  float: right;
  height: 240px;
  margin-left: 5px;
  overflow: hidden;
  width: 320px;
}
div.image img {
  width: 320px;
}

div.video {
  border: 1px solid #e6e6e6;
  float: right;
  height: 240px;
  margin-left: 5px;
  overflow: hidden;
  width: 320px;
}
div.video video {
  overflow: hidden;
  width: 320px;
  height: 240px;
}

.collapsed {
  display: none;
}

.expander::after {
  content: " (show details)";
  color: #BBB;
  font-style: italic;
  cursor: pointer;
}

.collapser::after {
  content: " (hide details)";
  color: #BBB;
  font-style: italic;
  cursor: pointer;
}

/*------------------
 * 3. Sorting items
 *------------------*/
.sortable {
  cursor: pointer;
}

.sort-icon {
  font-size: 0px;
  float: left;
  margin-right: 5px;
  margin-top: 5px;
  /*triangle*/
  width: 0;
  height: 0;
  border-left: 8px solid transparent;
  border-right: 8px solid transparent;
}
.inactive .sort-icon {
  /*finish triangle*/
  border-top: 8px solid #E6E6E6;
}
.asc.active .sort-icon {
  /*finish triangle*/
  border-bottom: 8px solid #999;
}
.desc.active .sort-icon {
  /*finish triangle*/
  border-top: 8px solid #999;
}
</style></head>
  <body onLoad="init()">
    <script>/* This Source Code Form is subject to the terms of the Mozilla Public
 * License, v. 2.0. If a copy of the MPL was not distributed with this file,
 * You can obtain one at http://mozilla.org/MPL/2.0/. */


function toArray(iter) {
    if (iter === null) {
        return null;
    }
    return Array.prototype.slice.call(iter);
}

function find(selector, elem) { // eslint-disable-line no-redeclare
    if (!elem) {
        elem = document;
    }
    return elem.querySelector(selector);
}

function findAll(selector, elem) {
    if (!elem) {
        elem = document;
    }
    return toArray(elem.querySelectorAll(selector));
}

function sortColumn(elem) {
    toggleSortStates(elem);
    const colIndex = toArray(elem.parentNode.childNodes).indexOf(elem);
    let key;
    if (elem.classList.contains('result')) {
        key = keyResult;
    } else if (elem.classList.contains('links')) {
        key = keyLink;
    } else {
        key = keyAlpha;
    }
    sortTable(elem, key(colIndex));
}

function showAllExtras() { // eslint-disable-line no-unused-vars
    findAll('.col-result').forEach(showExtras);
}

function hideAllExtras() { // eslint-disable-line no-unused-vars
    findAll('.col-result').forEach(hideExtras);
}

function showExtras(colresultElem) {
    const extras = colresultElem.parentNode.nextElementSibling;
    const expandcollapse = colresultElem.firstElementChild;
    extras.classList.remove('collapsed');
    expandcollapse.classList.remove('expander');
    expandcollapse.classList.add('collapser');
}

function hideExtras(colresultElem) {
    const extras = colresultElem.parentNode.nextElementSibling;
    const expandcollapse = colresultElem.firstElementChild;
    extras.classList.add('collapsed');
    expandcollapse.classList.remove('collapser');
    expandcollapse.classList.add('expander');
}

function showFilters() {
    let visibleString = getQueryParameter('visible') || 'all';
    visibleString = visibleString.toLowerCase();
    const checkedItems = visibleString.split(',');

    const filterItems = document.getElementsByClassName('filter');
    for (let i = 0; i < filterItems.length; i++) {
        filterItems[i].hidden = false;

        if (visibleString != 'all') {
            filterItems[i].checked = checkedItems.includes(filterItems[i].getAttribute('data-test-result'));
            filterTable(filterItems[i]);
        }
    }
}

function addCollapse() {
    // Add links for show/hide all
    const resulttable = find('table#results-table');
    const showhideall = document.createElement('p');
    showhideall.innerHTML = '<a href="javascript:showAllExtras()">Show all details</a> / ' +
                            '<a href="javascript:hideAllExtras()">Hide all details</a>';
    resulttable.parentElement.insertBefore(showhideall, resulttable);

    // Add show/hide link to each result
    findAll('.col-result').forEach(function(elem) {
        const collapsed = getQueryParameter('collapsed') || 'Passed';
        const extras = elem.parentNode.nextElementSibling;
        const expandcollapse = document.createElement('span');
        if (extras.classList.contains('collapsed')) {
            expandcollapse.classList.add('expander');
        } else if (collapsed.includes(elem.innerHTML)) {
            extras.classList.add('collapsed');
            expandcollapse.classList.add('expander');
        } else {
            expandcollapse.classList.add('collapser');
        }
        elem.appendChild(expandcollapse);

        elem.addEventListener('click', function(event) {
            if (event.currentTarget.parentNode.nextElementSibling.classList.contains('collapsed')) {
                showExtras(event.currentTarget);
            } else {
                hideExtras(event.currentTarget);
            }
        });
    });
}

function getQueryParameter(name) {
    const match = RegExp('[?&]' + name + '=([^&]*)').exec(window.location.search);
    return match && decodeURIComponent(match[1].replace(/\+/g, ' '));
}

function init () { // eslint-disable-line no-unused-vars
    resetSortHeaders();

    addCollapse();

    showFilters();

    sortColumn(find('.initial-sort'));

    findAll('.sortable').forEach(function(elem) {
        elem.addEventListener('click',
            function() {
                sortColumn(elem);
            }, false);
    });
}

function sortTable(clicked, keyFunc) {
    const rows = findAll('.results-table-row');
    const reversed = !clicked.classList.contains('asc');
    const sortedRows = sort(rows, keyFunc, reversed);
    /* Whole table is removed here because browsers acts much slower
     * when appending existing elements.
     */
    const thead = document.getElementById('results-table-head');
    document.getElementById('results-table').remove();
    const parent = document.createElement('table');
    parent.id = 'results-table';
    parent.appendChild(thead);
    sortedRows.forEach(function(elem) {
        parent.appendChild(elem);
    });
    document.getElementsByTagName('BODY')[0].appendChild(parent);
}

function sort(items, keyFunc, reversed) {
    const sortArray = items.map(function(item, i) {
        return [keyFunc(item), i];
    });

    sortArray.sort(function(a, b) {
        const keyA = a[0];
        const keyB = b[0];

        if (keyA == keyB) return 0;

        if (reversed) {
            return keyA < keyB ? 1 : -1;
        } else {
            return keyA > keyB ? 1 : -1;
        }
    });

    return sortArray.map(function(item) {
        const index = item[1];
        return items[index];
    });
}

function keyAlpha(colIndex) {
    return function(elem) {
        return elem.childNodes[1].childNodes[colIndex].firstChild.data.toLowerCase();
    };
}

function keyLink(colIndex) {
    return function(elem) {
        const dataCell = elem.childNodes[1].childNodes[colIndex].firstChild;
        return dataCell == null ? '' : dataCell.innerText.toLowerCase();
    };
}

function keyResult(colIndex) {
    return function(elem) {
        const strings = ['Error', 'Failed', 'Rerun', 'XFailed', 'XPassed',
            'Skipped', 'Passed'];
        return strings.indexOf(elem.childNodes[1].childNodes[colIndex].firstChild.data);
    };
}

function resetSortHeaders() {
    findAll('.sort-icon').forEach(function(elem) {
        elem.parentNode.removeChild(elem);
    });
    findAll('.sortable').forEach(function(elem) {
        const icon = document.createElement('div');
        icon.className = 'sort-icon';
        icon.textContent = 'vvv';
        elem.insertBefore(icon, elem.firstChild);
        elem.classList.remove('desc', 'active');
        elem.classList.add('asc', 'inactive');
    });
}

function toggleSortStates(elem) {
    //if active, toggle between asc and desc
    if (elem.classList.contains('active')) {
        elem.classList.toggle('asc');
        elem.classList.toggle('desc');
    }

    //if inactive, reset all other functions and add ascending active
    if (elem.classList.contains('inactive')) {
        resetSortHeaders();
        elem.classList.remove('inactive');
        elem.classList.add('active');
    }
}

function isAllRowsHidden(value) {
    return value.hidden == false;
}

function filterTable(elem) { // eslint-disable-line no-unused-vars
    const outcomeAtt = 'data-test-result';
    const outcome = elem.getAttribute(outcomeAtt);
    const classOutcome = outcome + ' results-table-row';
    const outcomeRows = document.getElementsByClassName(classOutcome);

    for(let i = 0; i < outcomeRows.length; i++){
        outcomeRows[i].hidden = !elem.checked;
    }

    const rows = findAll('.results-table-row').filter(isAllRowsHidden);
    const allRowsHidden = rows.length == 0 ? true : false;
    const notFoundMessage = document.getElementById('not-found-message');
    notFoundMessage.hidden = !allRowsHidden;
}
</script>
    <h1>REPORT</h1>
    <p>Report generated on 21-Nov-2022 at 20:59:44 by <a href="https://pypi.python.org/pypi/pytest-html">pytest-html</a> v3.2.0</p>
    <h2>Environment</h2>
    <table id="environment">
      <tr>
        <td>Packages</td>
        <td>{"pluggy": "1.0.0", "pytest": "7.2.0"}</td></tr>
      <tr>
        <td>Platform</td>
        <td>Windows-8.1-6.3.9600-SP0</td></tr>
      <tr>
        <td>Plugins</td>
        <td>{"html": "3.2.0", "metadata": "2.0.4"}</td></tr>
      <tr>
        <td>Python</td>
        <td>3.11.0</td></tr></table>
    <h2>Summary</h2>
    <p>24 tests ran in 76.69 seconds. </p>
    <p class="filter" hidden="true">(Un)check the boxes to filter the results.</p><input checked="true" class="filter" data-test-result="passed" hidden="true" name="filter_checkbox" onChange="filterTable(this)" type="checkbox"/><span class="passed">16 passed</span>, <input checked="true" class="filter" data-test-result="skipped" disabled="true" hidden="true" name="filter_checkbox" onChange="filterTable(this)" type="checkbox"/><span class="skipped">0 skipped</span>, <input checked="true" class="filter" data-test-result="failed" disabled="true" hidden="true" name="filter_checkbox" onChange="filterTable(this)" type="checkbox"/><span class="failed">0 failed</span>, <input checked="true" class="filter" data-test-result="error" disabled="true" hidden="true" name="filter_checkbox" onChange="filterTable(this)" type="checkbox"/><span class="error">0 errors</span>, <input checked="true" class="filter" data-test-result="xfailed" hidden="true" name="filter_checkbox" onChange="filterTable(this)" type="checkbox"/><span class="xfailed">8 expected failures</span>, <input checked="true" class="filter" data-test-result="xpassed" disabled="true" hidden="true" name="filter_checkbox" onChange="filterTable(this)" type="checkbox"/><span class="xpassed">0 unexpected passes</span>
    <h2>Results</h2>
    <table id="results-table">
      <thead id="results-table-head">
        <tr>
          <th class="sortable result initial-sort" col="result">Result</th>
          <th class="sortable" col="name">Test</th>
          <th class="sortable" col="duration">Duration</th>
          <th class="sortable links" col="links">Links</th></tr>
        <tr hidden="true" id="not-found-message">
          <th colspan="4">No results found. Try to check the filters</th></tr></thead>
      <tbody class="xfailed results-table-row">
        <tr>
          <td class="col-result">XFailed</td>
          <td class="col-name">tests/test_TC_016_01.py::TestSample::test_user_can_go_to_products_page[locked_out_user-secret_sauce]</td>
          <td class="col-duration">0.48</td>
          <td class="col-links"></td></tr>
        <tr>
          <td class="extra" colspan="4">
            <div><div><img src="test_TC_016_01.py_TestSample_test_user_can_go_to_products_page[locked_out_user-secret_sauce].png" alt="screenshot" style="width:300px;height:200px" onclick="window.open(this.src)" align="right"/></div></div>
            <div class="log">self = &lt;SauceDemoProjectTest.tests.test_TC_016_01.TestSample object at 0x000000CDB5BFCFD0&gt;<br/>d = &lt;selenium.webdriver.chrome.webdriver.WebDriver (session=&quot;f3f795f826cf050c8cfe8d23c483eeb1&quot;)&gt;<br/>username = &#x27;locked_out_user&#x27;, password = &#x27;secret_sauce&#x27;<br/><br/>    @pytest.mark.parametrize(<br/>        &quot;username, password&quot;,<br/>        [<br/>            (&quot;standard_user&quot;, &quot;secret_sauce&quot;),<br/>            (&quot;performance_glitch_user&quot;, &quot;secret_sauce&quot;),<br/>            (&quot;problem_user&quot;, &quot;secret_sauce&quot;),<br/>            pytest.param(<br/>                &quot;locked_out_user&quot;,<br/>                &quot;secret_sauce&quot;,<br/>                marks=pytest.mark.xfail(raises=AssertionError),<br/>            ),<br/>        ],<br/>    )<br/>    # Тест проверяет, что пользователь может перейти со страницы авторизации<br/>    # на страницу каталога товаров<br/>    def test_user_can_go_to_products_page(self, d, username, password):<br/>        # Авторизация пользователя<br/>        self.test_register_user(d, username, password)<br/>        # if Users == (&quot;locked_out_user&quot;, &quot;secret_sauce&quot;):<br/>        #     pytest.xfail()<br/>        link = &quot;https://www.saucedemo.com/inventory.html&quot;<br/>        # Создает экземпляр главной страницы - Main Page<br/>        page = ProductsPage(d, link)<br/>        # Проверяет, что текущая страница является страницей каталогом товаров<br/>&gt;       page.should_be_products_page()<br/><br/>tests\test_TC_016_01.py:58: <br/>_ _ _ _ _ _ _ _ _ _ _ _ _ _ _ _ _ _ _ _ _ _ _ _ _ _ _ _ _ _ _ _ _ _ _ _ _ _ _ _<br/>pages\products_page.py:13: in should_be_products_page<br/>    self.should_be_link(ProductsPageSrc.LINK)<br/>_ _ _ _ _ _ _ _ _ _ _ _ _ _ _ _ _ _ _ _ _ _ _ _ _ _ _ _ _ _ _ _ _ _ _ _ _ _ _ _<br/><br/>self = &lt;pages.products_page.ProductsPage object at 0x000000CDB5C2BB50&gt;<br/>link = &#x27;inventory&#x27;<br/><br/>    def should_be_link(self, link):<br/>&gt;       assert link in self.browser.current_url, &quot;wrong url&quot;<br/><span class="error">E       AssertionError: wrong url</span><br/><br/>pages\base_page.py:60: AssertionError<br/></div></td></tr></tbody>
      <tbody class="xfailed results-table-row">
        <tr>
          <td class="col-result">XFailed</td>
          <td class="col-name">tests/test_TC_016_01.py::TestSample::test_user_can_go_to_cart_page[locked_out_user-secret_sauce]</td>
          <td class="col-duration">0.48</td>
          <td class="col-links"></td></tr>
        <tr>
          <td class="extra" colspan="4">
            <div><div><img src="test_TC_016_01.py_TestSample_test_user_can_go_to_cart_page[locked_out_user-secret_sauce].png" alt="screenshot" style="width:300px;height:200px" onclick="window.open(this.src)" align="right"/></div></div>
            <div class="log">self = &lt;SauceDemoProjectTest.tests.test_TC_016_01.TestSample object at 0x000000CDB5BFE150&gt;<br/>d = &lt;selenium.webdriver.chrome.webdriver.WebDriver (session=&quot;f3f795f826cf050c8cfe8d23c483eeb1&quot;)&gt;<br/>username = &#x27;locked_out_user&#x27;, password = &#x27;secret_sauce&#x27;<br/><br/>    @pytest.mark.parametrize(<br/>        &quot;username, password&quot;,<br/>        [<br/>            (&quot;standard_user&quot;, &quot;secret_sauce&quot;),<br/>            (&quot;performance_glitch_user&quot;, &quot;secret_sauce&quot;),<br/>            (&quot;problem_user&quot;, &quot;secret_sauce&quot;),<br/>            pytest.param(<br/>                &quot;locked_out_user&quot;,<br/>                &quot;secret_sauce&quot;,<br/>                marks=pytest.mark.xfail(raises=AssertionError),<br/>            ),<br/>        ],<br/>    )<br/>    # Тест проверяет, что пользователь может перейти со страницы авторизации<br/>    # на страницу каталога товаров<br/>    def test_user_can_go_to_cart_page(self, d, username, password):<br/>&gt;       self.test_user_can_go_to_products_page(d, username, password)<br/><br/>tests\test_TC_016_01.py:81: <br/>_ _ _ _ _ _ _ _ _ _ _ _ _ _ _ _ _ _ _ _ _ _ _ _ _ _ _ _ _ _ _ _ _ _ _ _ _ _ _ _<br/>tests\test_TC_016_01.py:58: in test_user_can_go_to_products_page<br/>    page.should_be_products_page()<br/>pages\products_page.py:13: in should_be_products_page<br/>    self.should_be_link(ProductsPageSrc.LINK)<br/>_ _ _ _ _ _ _ _ _ _ _ _ _ _ _ _ _ _ _ _ _ _ _ _ _ _ _ _ _ _ _ _ _ _ _ _ _ _ _ _<br/><br/>self = &lt;pages.products_page.ProductsPage object at 0x000000CDB5CCF510&gt;<br/>link = &#x27;inventory&#x27;<br/><br/>    def should_be_link(self, link):<br/>&gt;       assert link in self.browser.current_url, &quot;wrong url&quot;<br/><span class="error">E       AssertionError: wrong url</span><br/><br/>pages\base_page.py:60: AssertionError<br/></div></td></tr></tbody>
      <tbody class="xfailed results-table-row">
        <tr>
          <td class="col-result">XFailed</td>
          <td class="col-name">tests/test_TC_016_01.py::TestSample::test_user_can_go_to_checkout_1_page[problem_user-secret_sauce]</td>
          <td class="col-duration">1.40</td>
          <td class="col-links"></td></tr>
        <tr>
          <td class="extra" colspan="4">
            <div><div><img src="test_TC_016_01.py_TestSample_test_user_can_go_to_checkout_1_page[problem_user-secret_sauce].png" alt="screenshot" style="width:300px;height:200px" onclick="window.open(this.src)" align="right"/></div></div>
            <div class="log">self = &lt;SauceDemoProjectTest.tests.test_TC_016_01.TestSample object at 0x000000CDB5BFFA50&gt;<br/>d = &lt;selenium.webdriver.chrome.webdriver.WebDriver (session=&quot;f3f795f826cf050c8cfe8d23c483eeb1&quot;)&gt;<br/>username = &#x27;problem_user&#x27;, password = &#x27;secret_sauce&#x27;<br/><br/>    @pytest.mark.parametrize(<br/>        &quot;username, password&quot;,<br/>        [<br/>            (&quot;standard_user&quot;, &quot;secret_sauce&quot;),<br/>            (&quot;performance_glitch_user&quot;, &quot;secret_sauce&quot;),<br/>            pytest.param(<br/>                &quot;problem_user&quot;,<br/>                &quot;secret_sauce&quot;,<br/>                marks=pytest.mark.xfail(raises=AssertionError),<br/>            ),<br/>            pytest.param(<br/>                &quot;locked_out_user&quot;,<br/>                &quot;secret_sauce&quot;,<br/>                marks=pytest.mark.xfail(raises=AssertionError),<br/>            ),<br/>        ],<br/>    )<br/>    # Тест проверяет, что пользователь может перейти со страницы авторизации<br/>    # на страницу каталога товаров<br/>    def test_user_can_go_to_checkout_1_page(self, d, username, password):<br/>        self.test_user_can_go_to_cart_page(d, username, password)<br/>        link = &quot;https://www.saucedemo.com/checkout-step-one.html&quot;<br/>        # Создает экземпляр страницы корзины - Cart Page<br/>        page = CheckoutPage_1(d, link)<br/>        # Проверяет, что текущая страница является страницей корзины<br/>        page.should_be_checkout_1_page()<br/>        # Заполняются данные, необходимые для получения товара<br/>        page.set_shipping_info(&quot;John&quot;, &quot;Smith&quot;, &quot;33009&quot;)<br/>        # Переходит на следующую страницу оформления заказа<br/>        page.go_to_checkout_2_page()<br/>        link = &quot;https://www.saucedemo.com/checkout-step-two.html&quot;<br/>        # Создает экземпляр главной страницы - Main Page<br/>        page = CheckoutPage_2(d, link)<br/>        # Проверяет, что текущая страница является<br/>        # следующей страницей оформления заказа<br/>&gt;       page.should_be_checkout_2_page()<br/><br/>tests\test_TC_016_01.py:130: <br/>_ _ _ _ _ _ _ _ _ _ _ _ _ _ _ _ _ _ _ _ _ _ _ _ _ _ _ _ _ _ _ _ _ _ _ _ _ _ _ _<br/>pages\checkout_2_page.py:10: in should_be_checkout_2_page<br/>    self.should_be_link(Chckout2PageSrc.LINK)<br/>_ _ _ _ _ _ _ _ _ _ _ _ _ _ _ _ _ _ _ _ _ _ _ _ _ _ _ _ _ _ _ _ _ _ _ _ _ _ _ _<br/><br/>self = &lt;pages.checkout_2_page.CheckoutPage_2 object at 0x000000CDB5C30590&gt;<br/>link = &#x27;-step-two&#x27;<br/><br/>    def should_be_link(self, link):<br/>&gt;       assert link in self.browser.current_url, &quot;wrong url&quot;<br/><span class="error">E       AssertionError: wrong url</span><br/><br/>pages\base_page.py:60: AssertionError<br/></div></td></tr></tbody>
      <tbody class="xfailed results-table-row">
        <tr>
          <td class="col-result">XFailed</td>
          <td class="col-name">tests/test_TC_016_01.py::TestSample::test_user_can_go_to_checkout_1_page[locked_out_user-secret_sauce]</td>
          <td class="col-duration">0.34</td>
          <td class="col-links"></td></tr>
        <tr>
          <td class="extra" colspan="4">
            <div><div><img src="test_TC_016_01.py_TestSample_test_user_can_go_to_checkout_1_page[locked_out_user-secret_sauce].png" alt="screenshot" style="width:300px;height:200px" onclick="window.open(this.src)" align="right"/></div></div>
            <div class="log">self = &lt;SauceDemoProjectTest.tests.test_TC_016_01.TestSample object at 0x000000CDB5BFFD10&gt;<br/>d = &lt;selenium.webdriver.chrome.webdriver.WebDriver (session=&quot;f3f795f826cf050c8cfe8d23c483eeb1&quot;)&gt;<br/>username = &#x27;locked_out_user&#x27;, password = &#x27;secret_sauce&#x27;<br/><br/>    @pytest.mark.parametrize(<br/>        &quot;username, password&quot;,<br/>        [<br/>            (&quot;standard_user&quot;, &quot;secret_sauce&quot;),<br/>            (&quot;performance_glitch_user&quot;, &quot;secret_sauce&quot;),<br/>            pytest.param(<br/>                &quot;problem_user&quot;,<br/>                &quot;secret_sauce&quot;,<br/>                marks=pytest.mark.xfail(raises=AssertionError),<br/>            ),<br/>            pytest.param(<br/>                &quot;locked_out_user&quot;,<br/>                &quot;secret_sauce&quot;,<br/>                marks=pytest.mark.xfail(raises=AssertionError),<br/>            ),<br/>        ],<br/>    )<br/>    # Тест проверяет, что пользователь может перейти со страницы авторизации<br/>    # на страницу каталога товаров<br/>    def test_user_can_go_to_checkout_1_page(self, d, username, password):<br/>&gt;       self.test_user_can_go_to_cart_page(d, username, password)<br/><br/>tests\test_TC_016_01.py:115: <br/>_ _ _ _ _ _ _ _ _ _ _ _ _ _ _ _ _ _ _ _ _ _ _ _ _ _ _ _ _ _ _ _ _ _ _ _ _ _ _ _<br/>tests\test_TC_016_01.py:81: in test_user_can_go_to_cart_page<br/>    self.test_user_can_go_to_products_page(d, username, password)<br/>tests\test_TC_016_01.py:58: in test_user_can_go_to_products_page<br/>    page.should_be_products_page()<br/>pages\products_page.py:13: in should_be_products_page<br/>    self.should_be_link(ProductsPageSrc.LINK)<br/>_ _ _ _ _ _ _ _ _ _ _ _ _ _ _ _ _ _ _ _ _ _ _ _ _ _ _ _ _ _ _ _ _ _ _ _ _ _ _ _<br/><br/>self = &lt;pages.products_page.ProductsPage object at 0x000000CDB35FB4D0&gt;<br/>link = &#x27;inventory&#x27;<br/><br/>    def should_be_link(self, link):<br/>&gt;       assert link in self.browser.current_url, &quot;wrong url&quot;<br/><span class="error">E       AssertionError: wrong url</span><br/><br/>pages\base_page.py:60: AssertionError<br/></div></td></tr></tbody>
      <tbody class="xfailed results-table-row">
        <tr>
          <td class="col-result">XFailed</td>
          <td class="col-name">tests/test_TC_016_01.py::TestSample::test_user_can_go_to_checkout_2_page[problem_user-secret_sauce]</td>
          <td class="col-duration">1.60</td>
          <td class="col-links"></td></tr>
        <tr>
          <td class="extra" colspan="4">
            <div><div><img src="test_TC_016_01.py_TestSample_test_user_can_go_to_checkout_2_page[problem_user-secret_sauce].png" alt="screenshot" style="width:300px;height:200px" onclick="window.open(this.src)" align="right"/></div></div>
            <div class="log">self = &lt;SauceDemoProjectTest.tests.test_TC_016_01.TestSample object at 0x000000CDB5C05410&gt;<br/>d = &lt;selenium.webdriver.chrome.webdriver.WebDriver (session=&quot;f3f795f826cf050c8cfe8d23c483eeb1&quot;)&gt;<br/>username = &#x27;problem_user&#x27;, password = &#x27;secret_sauce&#x27;<br/><br/>    @pytest.mark.parametrize(<br/>        &quot;username, password&quot;,<br/>        [<br/>            (&quot;standard_user&quot;, &quot;secret_sauce&quot;),<br/>            (&quot;performance_glitch_user&quot;, &quot;secret_sauce&quot;),<br/>            pytest.param(<br/>                &quot;problem_user&quot;,<br/>                &quot;secret_sauce&quot;,<br/>                marks=pytest.mark.xfail(raises=AssertionError),<br/>            ),<br/>            pytest.param(<br/>                &quot;locked_out_user&quot;,<br/>                &quot;secret_sauce&quot;,<br/>                marks=pytest.mark.xfail(raises=AssertionError),<br/>            ),<br/>        ],<br/>    )<br/>    def test_user_can_go_to_checkout_2_page(self, d, username, password):<br/>&gt;       self.test_user_can_go_to_checkout_1_page(d, username, password)<br/><br/>tests\test_TC_016_01.py:150: <br/>_ _ _ _ _ _ _ _ _ _ _ _ _ _ _ _ _ _ _ _ _ _ _ _ _ _ _ _ _ _ _ _ _ _ _ _ _ _ _ _<br/>tests\test_TC_016_01.py:130: in test_user_can_go_to_checkout_1_page<br/>    page.should_be_checkout_2_page()<br/>pages\checkout_2_page.py:10: in should_be_checkout_2_page<br/>    self.should_be_link(Chckout2PageSrc.LINK)<br/>_ _ _ _ _ _ _ _ _ _ _ _ _ _ _ _ _ _ _ _ _ _ _ _ _ _ _ _ _ _ _ _ _ _ _ _ _ _ _ _<br/><br/>self = &lt;pages.checkout_2_page.CheckoutPage_2 object at 0x000000CDB5CCF090&gt;<br/>link = &#x27;-step-two&#x27;<br/><br/>    def should_be_link(self, link):<br/>&gt;       assert link in self.browser.current_url, &quot;wrong url&quot;<br/><span class="error">E       AssertionError: wrong url</span><br/><br/>pages\base_page.py:60: AssertionError<br/></div></td></tr></tbody>
      <tbody class="xfailed results-table-row">
        <tr>
          <td class="col-result">XFailed</td>
          <td class="col-name">tests/test_TC_016_01.py::TestSample::test_user_can_go_to_checkout_2_page[locked_out_user-secret_sauce]</td>
          <td class="col-duration">0.37</td>
          <td class="col-links"></td></tr>
        <tr>
          <td class="extra" colspan="4">
            <div><div><img src="test_TC_016_01.py_TestSample_test_user_can_go_to_checkout_2_page[locked_out_user-secret_sauce].png" alt="screenshot" style="width:300px;height:200px" onclick="window.open(this.src)" align="right"/></div></div>
            <div class="log">self = &lt;SauceDemoProjectTest.tests.test_TC_016_01.TestSample object at 0x000000CDB5C056D0&gt;<br/>d = &lt;selenium.webdriver.chrome.webdriver.WebDriver (session=&quot;f3f795f826cf050c8cfe8d23c483eeb1&quot;)&gt;<br/>username = &#x27;locked_out_user&#x27;, password = &#x27;secret_sauce&#x27;<br/><br/>    @pytest.mark.parametrize(<br/>        &quot;username, password&quot;,<br/>        [<br/>            (&quot;standard_user&quot;, &quot;secret_sauce&quot;),<br/>            (&quot;performance_glitch_user&quot;, &quot;secret_sauce&quot;),<br/>            pytest.param(<br/>                &quot;problem_user&quot;,<br/>                &quot;secret_sauce&quot;,<br/>                marks=pytest.mark.xfail(raises=AssertionError),<br/>            ),<br/>            pytest.param(<br/>                &quot;locked_out_user&quot;,<br/>                &quot;secret_sauce&quot;,<br/>                marks=pytest.mark.xfail(raises=AssertionError),<br/>            ),<br/>        ],<br/>    )<br/>    def test_user_can_go_to_checkout_2_page(self, d, username, password):<br/>&gt;       self.test_user_can_go_to_checkout_1_page(d, username, password)<br/><br/>tests\test_TC_016_01.py:150: <br/>_ _ _ _ _ _ _ _ _ _ _ _ _ _ _ _ _ _ _ _ _ _ _ _ _ _ _ _ _ _ _ _ _ _ _ _ _ _ _ _<br/>tests\test_TC_016_01.py:115: in test_user_can_go_to_checkout_1_page<br/>    self.test_user_can_go_to_cart_page(d, username, password)<br/>tests\test_TC_016_01.py:81: in test_user_can_go_to_cart_page<br/>    self.test_user_can_go_to_products_page(d, username, password)<br/>tests\test_TC_016_01.py:58: in test_user_can_go_to_products_page<br/>    page.should_be_products_page()<br/>pages\products_page.py:13: in should_be_products_page<br/>    self.should_be_link(ProductsPageSrc.LINK)<br/>_ _ _ _ _ _ _ _ _ _ _ _ _ _ _ _ _ _ _ _ _ _ _ _ _ _ _ _ _ _ _ _ _ _ _ _ _ _ _ _<br/><br/>self = &lt;pages.products_page.ProductsPage object at 0x000000CDB5C30C90&gt;<br/>link = &#x27;inventory&#x27;<br/><br/>    def should_be_link(self, link):<br/>&gt;       assert link in self.browser.current_url, &quot;wrong url&quot;<br/><span class="error">E       AssertionError: wrong url</span><br/><br/>pages\base_page.py:60: AssertionError<br/></div></td></tr></tbody>
      <tbody class="xfailed results-table-row">
        <tr>
          <td class="col-result">XFailed</td>
          <td class="col-name">tests/test_TC_016_01.py::TestSample::test_user_can_go_to_checkout_complete_page[problem_user-secret_sauce]</td>
          <td class="col-duration">1.33</td>
          <td class="col-links"></td></tr>
        <tr>
          <td class="extra" colspan="4">
            <div><div><img src="test_TC_016_01.py_TestSample_test_user_can_go_to_checkout_complete_page[problem_user-secret_sauce].png" alt="screenshot" style="width:300px;height:200px" onclick="window.open(this.src)" align="right"/></div></div>
            <div class="log">self = &lt;SauceDemoProjectTest.tests.test_TC_016_01.TestSample object at 0x000000CDB5C06D90&gt;<br/>d = &lt;selenium.webdriver.chrome.webdriver.WebDriver (session=&quot;f3f795f826cf050c8cfe8d23c483eeb1&quot;)&gt;<br/>username = &#x27;problem_user&#x27;, password = &#x27;secret_sauce&#x27;<br/><br/>    @pytest.mark.parametrize(<br/>        &quot;username, password&quot;,<br/>        [<br/>            (&quot;standard_user&quot;, &quot;secret_sauce&quot;),<br/>            (&quot;performance_glitch_user&quot;, &quot;secret_sauce&quot;),<br/>            pytest.param(<br/>                &quot;problem_user&quot;,<br/>                &quot;secret_sauce&quot;,<br/>                marks=pytest.mark.xfail(raises=AssertionError),<br/>            ),<br/>            pytest.param(<br/>                &quot;locked_out_user&quot;,<br/>                &quot;secret_sauce&quot;,<br/>                marks=pytest.mark.xfail(raises=AssertionError),<br/>            ),<br/>        ],<br/>    )<br/>    def test_user_can_go_to_checkout_complete_page(self, d, username, password):<br/>&gt;       self.test_user_can_go_to_checkout_2_page(d, username, password)<br/><br/>tests\test_TC_016_01.py:184: <br/>_ _ _ _ _ _ _ _ _ _ _ _ _ _ _ _ _ _ _ _ _ _ _ _ _ _ _ _ _ _ _ _ _ _ _ _ _ _ _ _<br/>tests\test_TC_016_01.py:150: in test_user_can_go_to_checkout_2_page<br/>    self.test_user_can_go_to_checkout_1_page(d, username, password)<br/>tests\test_TC_016_01.py:130: in test_user_can_go_to_checkout_1_page<br/>    page.should_be_checkout_2_page()<br/>pages\checkout_2_page.py:10: in should_be_checkout_2_page<br/>    self.should_be_link(Chckout2PageSrc.LINK)<br/>_ _ _ _ _ _ _ _ _ _ _ _ _ _ _ _ _ _ _ _ _ _ _ _ _ _ _ _ _ _ _ _ _ _ _ _ _ _ _ _<br/><br/>self = &lt;pages.checkout_2_page.CheckoutPage_2 object at 0x000000CDB5C33290&gt;<br/>link = &#x27;-step-two&#x27;<br/><br/>    def should_be_link(self, link):<br/>&gt;       assert link in self.browser.current_url, &quot;wrong url&quot;<br/><span class="error">E       AssertionError: wrong url</span><br/><br/>pages\base_page.py:60: AssertionError<br/></div></td></tr></tbody>
      <tbody class="xfailed results-table-row">
        <tr>
          <td class="col-result">XFailed</td>
          <td class="col-name">tests/test_TC_016_01.py::TestSample::test_user_can_go_to_checkout_complete_page[locked_out_user-secret_sauce]</td>
          <td class="col-duration">2.49</td>
          <td class="col-links"></td></tr>
        <tr>
          <td class="extra" colspan="4">
            <div><div><img src="test_TC_016_01.py_TestSample_test_user_can_go_to_checkout_complete_page[locked_out_user-secret_sauce].png" alt="screenshot" style="width:300px;height:200px" onclick="window.open(this.src)" align="right"/></div></div>
            <div class="log">self = &lt;SauceDemoProjectTest.tests.test_TC_016_01.TestSample object at 0x000000CDB5C07090&gt;<br/>d = &lt;selenium.webdriver.chrome.webdriver.WebDriver (session=&quot;f3f795f826cf050c8cfe8d23c483eeb1&quot;)&gt;<br/>username = &#x27;locked_out_user&#x27;, password = &#x27;secret_sauce&#x27;<br/><br/>    @pytest.mark.parametrize(<br/>        &quot;username, password&quot;,<br/>        [<br/>            (&quot;standard_user&quot;, &quot;secret_sauce&quot;),<br/>            (&quot;performance_glitch_user&quot;, &quot;secret_sauce&quot;),<br/>            pytest.param(<br/>                &quot;problem_user&quot;,<br/>                &quot;secret_sauce&quot;,<br/>                marks=pytest.mark.xfail(raises=AssertionError),<br/>            ),<br/>            pytest.param(<br/>                &quot;locked_out_user&quot;,<br/>                &quot;secret_sauce&quot;,<br/>                marks=pytest.mark.xfail(raises=AssertionError),<br/>            ),<br/>        ],<br/>    )<br/>    def test_user_can_go_to_checkout_complete_page(self, d, username, password):<br/>&gt;       self.test_user_can_go_to_checkout_2_page(d, username, password)<br/><br/>tests\test_TC_016_01.py:184: <br/>_ _ _ _ _ _ _ _ _ _ _ _ _ _ _ _ _ _ _ _ _ _ _ _ _ _ _ _ _ _ _ _ _ _ _ _ _ _ _ _<br/>tests\test_TC_016_01.py:150: in test_user_can_go_to_checkout_2_page<br/>    self.test_user_can_go_to_checkout_1_page(d, username, password)<br/>tests\test_TC_016_01.py:115: in test_user_can_go_to_checkout_1_page<br/>    self.test_user_can_go_to_cart_page(d, username, password)<br/>tests\test_TC_016_01.py:81: in test_user_can_go_to_cart_page<br/>    self.test_user_can_go_to_products_page(d, username, password)<br/>tests\test_TC_016_01.py:58: in test_user_can_go_to_products_page<br/>    page.should_be_products_page()<br/>pages\products_page.py:13: in should_be_products_page<br/>    self.should_be_link(ProductsPageSrc.LINK)<br/>_ _ _ _ _ _ _ _ _ _ _ _ _ _ _ _ _ _ _ _ _ _ _ _ _ _ _ _ _ _ _ _ _ _ _ _ _ _ _ _<br/><br/>self = &lt;pages.products_page.ProductsPage object at 0x000000CDB61BF890&gt;<br/>link = &#x27;inventory&#x27;<br/><br/>    def should_be_link(self, link):<br/>&gt;       assert link in self.browser.current_url, &quot;wrong url&quot;<br/><span class="error">E       AssertionError: wrong url</span><br/><br/>pages\base_page.py:60: AssertionError<br/> ----------------------------Captured stdout teardown---------------------------- <br/>
*** end fixture = teardown ***

<br/></div></td></tr></tbody>
      <tbody class="passed results-table-row">
        <tr>
          <td class="col-result">Passed</td>
          <td class="col-name">tests/test_TC_016_01.py::TestSample::test_register_user[standard_user-secret_sauce]</td>
          <td class="col-duration">10.49</td>
          <td class="col-links"></td></tr>
        <tr>
          <td class="extra" colspan="4">
            <div class="log"> -----------------------------Captured stdout setup------------------------------ <br/>
*** start fixture = setup ***

<br/></div></td></tr></tbody>
      <tbody class="passed results-table-row">
        <tr>
          <td class="col-result">Passed</td>
          <td class="col-name">tests/test_TC_016_01.py::TestSample::test_register_user[locked_out_user-secret_sauce]</td>
          <td class="col-duration">0.49</td>
          <td class="col-links"></td></tr>
        <tr>
          <td class="extra" colspan="4">
            <div class="empty log">No log output captured.</div></td></tr></tbody>
      <tbody class="passed results-table-row">
        <tr>
          <td class="col-result">Passed</td>
          <td class="col-name">tests/test_TC_016_01.py::TestSample::test_register_user[performance_glitch_user-secret_sauce]</td>
          <td class="col-duration">6.16</td>
          <td class="col-links"></td></tr>
        <tr>
          <td class="extra" colspan="4">
            <div class="empty log">No log output captured.</div></td></tr></tbody>
      <tbody class="passed results-table-row">
        <tr>
          <td class="col-result">Passed</td>
          <td class="col-name">tests/test_TC_016_01.py::TestSample::test_register_user[problem_user-secret_sauce]</td>
          <td class="col-duration">0.63</td>
          <td class="col-links"></td></tr>
        <tr>
          <td class="extra" colspan="4">
            <div class="empty log">No log output captured.</div></td></tr></tbody>
      <tbody class="passed results-table-row">
        <tr>
          <td class="col-result">Passed</td>
          <td class="col-name">tests/test_TC_016_01.py::TestSample::test_user_can_go_to_products_page[standard_user-secret_sauce]</td>
          <td class="col-duration">1.16</td>
          <td class="col-links"></td></tr>
        <tr>
          <td class="extra" colspan="4">
            <div class="empty log">No log output captured.</div></td></tr></tbody>
      <tbody class="passed results-table-row">
        <tr>
          <td class="col-result">Passed</td>
          <td class="col-name">tests/test_TC_016_01.py::TestSample::test_user_can_go_to_products_page[performance_glitch_user-secret_sauce]</td>
          <td class="col-duration">6.03</td>
          <td class="col-links"></td></tr>
        <tr>
          <td class="extra" colspan="4">
            <div class="empty log">No log output captured.</div></td></tr></tbody>
      <tbody class="passed results-table-row">
        <tr>
          <td class="col-result">Passed</td>
          <td class="col-name">tests/test_TC_016_01.py::TestSample::test_user_can_go_to_products_page[problem_user-secret_sauce]</td>
          <td class="col-duration">0.81</td>
          <td class="col-links"></td></tr>
        <tr>
          <td class="extra" colspan="4">
            <div class="empty log">No log output captured.</div></td></tr></tbody>
      <tbody class="passed results-table-row">
        <tr>
          <td class="col-result">Passed</td>
          <td class="col-name">tests/test_TC_016_01.py::TestSample::test_user_can_go_to_cart_page[standard_user-secret_sauce]</td>
          <td class="col-duration">1.55</td>
          <td class="col-links"></td></tr>
        <tr>
          <td class="extra" colspan="4">
            <div class="empty log">No log output captured.</div></td></tr></tbody>
      <tbody class="passed results-table-row">
        <tr>
          <td class="col-result">Passed</td>
          <td class="col-name">tests/test_TC_016_01.py::TestSample::test_user_can_go_to_cart_page[performance_glitch_user-secret_sauce]</td>
          <td class="col-duration">6.88</td>
          <td class="col-links"></td></tr>
        <tr>
          <td class="extra" colspan="4">
            <div class="empty log">No log output captured.</div></td></tr></tbody>
      <tbody class="passed results-table-row">
        <tr>
          <td class="col-result">Passed</td>
          <td class="col-name">tests/test_TC_016_01.py::TestSample::test_user_can_go_to_cart_page[problem_user-secret_sauce]</td>
          <td class="col-duration">1.41</td>
          <td class="col-links"></td></tr>
        <tr>
          <td class="extra" colspan="4">
            <div class="empty log">No log output captured.</div></td></tr></tbody>
      <tbody class="passed results-table-row">
        <tr>
          <td class="col-result">Passed</td>
          <td class="col-name">tests/test_TC_016_01.py::TestSample::test_user_can_go_to_checkout_1_page[standard_user-secret_sauce]</td>
          <td class="col-duration">2.04</td>
          <td class="col-links"></td></tr>
        <tr>
          <td class="extra" colspan="4">
            <div class="empty log">No log output captured.</div></td></tr></tbody>
      <tbody class="passed results-table-row">
        <tr>
          <td class="col-result">Passed</td>
          <td class="col-name">tests/test_TC_016_01.py::TestSample::test_user_can_go_to_checkout_1_page[performance_glitch_user-secret_sauce]</td>
          <td class="col-duration">6.57</td>
          <td class="col-links"></td></tr>
        <tr>
          <td class="extra" colspan="4">
            <div class="empty log">No log output captured.</div></td></tr></tbody>
      <tbody class="passed results-table-row">
        <tr>
          <td class="col-result">Passed</td>
          <td class="col-name">tests/test_TC_016_01.py::TestSample::test_user_can_go_to_checkout_2_page[standard_user-secret_sauce]</td>
          <td class="col-duration">2.00</td>
          <td class="col-links"></td></tr>
        <tr>
          <td class="extra" colspan="4">
            <div class="empty log">No log output captured.</div></td></tr></tbody>
      <tbody class="passed results-table-row">
        <tr>
          <td class="col-result">Passed</td>
          <td class="col-name">tests/test_TC_016_01.py::TestSample::test_user_can_go_to_checkout_2_page[performance_glitch_user-secret_sauce]</td>
          <td class="col-duration">6.87</td>
          <td class="col-links"></td></tr>
        <tr>
          <td class="extra" colspan="4">
            <div class="empty log">No log output captured.</div></td></tr></tbody>
      <tbody class="passed results-table-row">
        <tr>
          <td class="col-result">Passed</td>
          <td class="col-name">tests/test_TC_016_01.py::TestSample::test_user_can_go_to_checkout_complete_page[standard_user-secret_sauce]</td>
          <td class="col-duration">1.97</td>
          <td class="col-links"></td></tr>
        <tr>
          <td class="extra" colspan="4">
            <div class="empty log">No log output captured.</div></td></tr></tbody>
      <tbody class="passed results-table-row">
        <tr>
          <td class="col-result">Passed</td>
          <td class="col-name">tests/test_TC_016_01.py::TestSample::test_user_can_go_to_checkout_complete_page[performance_glitch_user-secret_sauce]</td>
          <td class="col-duration">11.99</td>
          <td class="col-links"></td></tr>
        <tr>
          <td class="extra" colspan="4">
            <div class="empty log">No log output captured.</div></td></tr></tbody></table></body></html>